2021-11-27 20:45:30 DEBUG CookieSpec selected: default
2021-11-27 20:45:30 DEBUG Auth cache not set in the context
2021-11-27 20:45:30 DEBUG Connection request: [route: {s}->https://accounts.google.com:443][total kept alive: 0; route allocated: 0 of 100; total allocated: 0 of 200]
2021-11-27 20:45:30 DEBUG Connection leased: [id: 0][route: {s}->https://accounts.google.com:443][total kept alive: 0; route allocated: 1 of 100; total allocated: 1 of 200]
2021-11-27 20:45:30 DEBUG Opening connection {s}->https://accounts.google.com:443
2021-11-27 20:45:30 DEBUG Connecting to accounts.google.com/142.250.66.45:443
2021-11-27 20:45:30 DEBUG Connecting socket to accounts.google.com/142.250.66.45:443 with timeout 0
2021-11-27 20:45:30 DEBUG Enabled protocols: [TLSv1, TLSv1.1, TLSv1.2]
2021-11-27 20:45:30 DEBUG Enabled cipher suites:[TLS_ECDHE_ECDSA_WITH_AES_256_CBC_SHA384, TLS_ECDHE_RSA_WITH_AES_256_CBC_SHA384, TLS_RSA_WITH_AES_256_CBC_SHA256, TLS_ECDH_ECDSA_WITH_AES_256_CBC_SHA384, TLS_ECDH_RSA_WITH_AES_256_CBC_SHA384, TLS_DHE_RSA_WITH_AES_256_CBC_SHA256, TLS_DHE_DSS_WITH_AES_256_CBC_SHA256, TLS_ECDHE_ECDSA_WITH_AES_256_CBC_SHA, TLS_ECDHE_RSA_WITH_AES_256_CBC_SHA, TLS_RSA_WITH_AES_256_CBC_SHA, TLS_ECDH_ECDSA_WITH_AES_256_CBC_SHA, TLS_ECDH_RSA_WITH_AES_256_CBC_SHA, TLS_DHE_RSA_WITH_AES_256_CBC_SHA, TLS_DHE_DSS_WITH_AES_256_CBC_SHA, TLS_ECDHE_ECDSA_WITH_AES_128_CBC_SHA256, TLS_ECDHE_RSA_WITH_AES_128_CBC_SHA256, TLS_RSA_WITH_AES_128_CBC_SHA256, TLS_ECDH_ECDSA_WITH_AES_128_CBC_SHA256, TLS_ECDH_RSA_WITH_AES_128_CBC_SHA256, TLS_DHE_RSA_WITH_AES_128_CBC_SHA256, TLS_DHE_DSS_WITH_AES_128_CBC_SHA256, TLS_ECDHE_ECDSA_WITH_AES_128_CBC_SHA, TLS_ECDHE_RSA_WITH_AES_128_CBC_SHA, TLS_RSA_WITH_AES_128_CBC_SHA, TLS_ECDH_ECDSA_WITH_AES_128_CBC_SHA, TLS_ECDH_RSA_WITH_AES_128_CBC_SHA, TLS_DHE_RSA_WITH_AES_128_CBC_SHA, TLS_DHE_DSS_WITH_AES_128_CBC_SHA, TLS_ECDHE_ECDSA_WITH_AES_256_GCM_SHA384, TLS_ECDHE_ECDSA_WITH_AES_128_GCM_SHA256, TLS_ECDHE_RSA_WITH_AES_256_GCM_SHA384, TLS_RSA_WITH_AES_256_GCM_SHA384, TLS_ECDH_ECDSA_WITH_AES_256_GCM_SHA384, TLS_ECDH_RSA_WITH_AES_256_GCM_SHA384, TLS_DHE_RSA_WITH_AES_256_GCM_SHA384, TLS_DHE_DSS_WITH_AES_256_GCM_SHA384, TLS_ECDHE_RSA_WITH_AES_128_GCM_SHA256, TLS_RSA_WITH_AES_128_GCM_SHA256, TLS_ECDH_ECDSA_WITH_AES_128_GCM_SHA256, TLS_ECDH_RSA_WITH_AES_128_GCM_SHA256, TLS_DHE_RSA_WITH_AES_128_GCM_SHA256, TLS_DHE_DSS_WITH_AES_128_GCM_SHA256, TLS_EMPTY_RENEGOTIATION_INFO_SCSV]
2021-11-27 20:45:30 DEBUG Starting handshake
2021-11-27 20:45:31 DEBUG Secure session established
2021-11-27 20:45:31 DEBUG  negotiated protocol: TLSv1.2
2021-11-27 20:45:31 DEBUG  negotiated cipher suite: TLS_ECDHE_ECDSA_WITH_AES_128_GCM_SHA256
2021-11-27 20:45:31 DEBUG  peer principal: CN=accounts.google.com
2021-11-27 20:45:31 DEBUG  peer alternative names: [accounts.google.com, *.partner.android.com]
2021-11-27 20:45:31 DEBUG  issuer principal: CN=GTS CA 1C3, O=Google Trust Services LLC, C=US
2021-11-27 20:45:31 DEBUG Connection established 192.168.0.106:64244<->142.250.66.45:443
2021-11-27 20:45:31 DEBUG Executing request POST /o/oauth2/token HTTP/1.1
2021-11-27 20:45:31 DEBUG Target auth state: UNCHALLENGED
2021-11-27 20:45:31 DEBUG Proxy auth state: UNCHALLENGED
2021-11-27 20:45:31 DEBUG http-outgoing-0 >> POST /o/oauth2/token HTTP/1.1
2021-11-27 20:45:31 DEBUG http-outgoing-0 >> Content-Length: 316
2021-11-27 20:45:31 DEBUG http-outgoing-0 >> Content-Type: application/x-www-form-urlencoded; charset=ISO-8859-1
2021-11-27 20:45:31 DEBUG http-outgoing-0 >> Host: accounts.google.com
2021-11-27 20:45:31 DEBUG http-outgoing-0 >> Connection: Keep-Alive
2021-11-27 20:45:31 DEBUG http-outgoing-0 >> User-Agent: Apache-HttpClient/4.5.5 (Java/1.8.0_251)
2021-11-27 20:45:31 DEBUG http-outgoing-0 >> Accept-Encoding: gzip,deflate
2021-11-27 20:45:31 DEBUG http-outgoing-0 >> "POST /o/oauth2/token HTTP/1.1[\r][\n]"
2021-11-27 20:45:31 DEBUG http-outgoing-0 >> "Content-Length: 316[\r][\n]"
2021-11-27 20:45:31 DEBUG http-outgoing-0 >> "Content-Type: application/x-www-form-urlencoded; charset=ISO-8859-1[\r][\n]"
2021-11-27 20:45:31 DEBUG http-outgoing-0 >> "Host: accounts.google.com[\r][\n]"
2021-11-27 20:45:31 DEBUG http-outgoing-0 >> "Connection: Keep-Alive[\r][\n]"
2021-11-27 20:45:31 DEBUG http-outgoing-0 >> "User-Agent: Apache-HttpClient/4.5.5 (Java/1.8.0_251)[\r][\n]"
2021-11-27 20:45:31 DEBUG http-outgoing-0 >> "Accept-Encoding: gzip,deflate[\r][\n]"
2021-11-27 20:45:31 DEBUG http-outgoing-0 >> "[\r][\n]"
2021-11-27 20:45:31 DEBUG http-outgoing-0 >> "client_id=412192120002-fhsalu92rol4m4kh33ef74ucrldi35re.apps.googleusercontent.com&client_secret=9dxESkJFQmKqUe5NQkdWYzxn&redirect_uri=http%3A%2F%2Flocalhost%3A8084%2FCarStore_SE150568%2FLoginGoogleServlet&code=4%2F0AX4XfWiBDtUKP61E8QxHqMO6fMfuBe-eH70IIXA6_CbxDU-7NdUUoBcZ4wq7Qwum3gy2qg&grant_type=authorization_code"
2021-11-27 20:45:31 DEBUG http-outgoing-0 << "HTTP/1.1 200 OK[\r][\n]"
2021-11-27 20:45:31 DEBUG http-outgoing-0 << "Cache-Control: no-cache, no-store, max-age=0, must-revalidate[\r][\n]"
2021-11-27 20:45:31 DEBUG http-outgoing-0 << "Date: Sat, 27 Nov 2021 13:45:32 GMT[\r][\n]"
2021-11-27 20:45:31 DEBUG http-outgoing-0 << "Pragma: no-cache[\r][\n]"
2021-11-27 20:45:31 DEBUG http-outgoing-0 << "Expires: Mon, 01 Jan 1990 00:00:00 GMT[\r][\n]"
2021-11-27 20:45:31 DEBUG http-outgoing-0 << "Content-Type: application/json; charset=utf-8[\r][\n]"
2021-11-27 20:45:31 DEBUG http-outgoing-0 << "Vary: Origin[\r][\n]"
2021-11-27 20:45:31 DEBUG http-outgoing-0 << "Vary: X-Origin[\r][\n]"
2021-11-27 20:45:31 DEBUG http-outgoing-0 << "Vary: Referer[\r][\n]"
2021-11-27 20:45:31 DEBUG http-outgoing-0 << "Content-Encoding: gzip[\r][\n]"
2021-11-27 20:45:31 DEBUG http-outgoing-0 << "Server: scaffolding on HTTPServer2[\r][\n]"
2021-11-27 20:45:31 DEBUG http-outgoing-0 << "X-XSS-Protection: 0[\r][\n]"
2021-11-27 20:45:31 DEBUG http-outgoing-0 << "X-Frame-Options: SAMEORIGIN[\r][\n]"
2021-11-27 20:45:31 DEBUG http-outgoing-0 << "X-Content-Type-Options: nosniff[\r][\n]"
2021-11-27 20:45:31 DEBUG http-outgoing-0 << "Alt-Svc: h3=":443"; ma=2592000,h3-29=":443"; ma=2592000,h3-Q050=":443"; ma=2592000,h3-Q046=":443"; ma=2592000,h3-Q043=":443"; ma=2592000,quic=":443"; ma=2592000; v="46,43"[\r][\n]"
2021-11-27 20:45:31 DEBUG http-outgoing-0 << "Transfer-Encoding: chunked[\r][\n]"
2021-11-27 20:45:31 DEBUG http-outgoing-0 << "[\r][\n]"
2021-11-27 20:45:31 DEBUG http-outgoing-0 << "00000001[\r][\n]"
2021-11-27 20:45:31 DEBUG http-outgoing-0 << "[0x1f][\r][\n]"
2021-11-27 20:45:31 DEBUG http-outgoing-0 << "00000001[\r][\n]"
2021-11-27 20:45:31 DEBUG http-outgoing-0 << "[0x8b][\r][\n]"
2021-11-27 20:45:31 DEBUG http-outgoing-0 << "00000001[\r][\n]"
2021-11-27 20:45:31 DEBUG http-outgoing-0 << "[0x8][\r][\n]"
2021-11-27 20:45:31 DEBUG http-outgoing-0 << "00000001[\r][\n]"
2021-11-27 20:45:31 DEBUG http-outgoing-0 << "[0x0][\r][\n]"
2021-11-27 20:45:31 DEBUG http-outgoing-0 << "00000001[\r][\n]"
2021-11-27 20:45:31 DEBUG http-outgoing-0 << "[0x0][\r][\n]"
2021-11-27 20:45:31 DEBUG http-outgoing-0 << "00000001[\r][\n]"
2021-11-27 20:45:31 DEBUG http-outgoing-0 << "[0x0][\r][\n]"
2021-11-27 20:45:31 DEBUG http-outgoing-0 << "00000001[\r][\n]"
2021-11-27 20:45:31 DEBUG http-outgoing-0 << "[0x0][\r][\n]"
2021-11-27 20:45:31 DEBUG http-outgoing-0 << "00000001[\r][\n]"
2021-11-27 20:45:31 DEBUG http-outgoing-0 << "[0x0][\r][\n]"
2021-11-27 20:45:31 DEBUG http-outgoing-0 << "001[\r][\n]"
2021-11-27 20:45:31 DEBUG http-outgoing-0 << "[0x2][\r][\n]"
2021-11-27 20:45:31 DEBUG http-outgoing-0 << "37b[\r][\n]"
2021-11-27 20:45:31 DEBUG http-outgoing-0 << "[0xff][0xbd]R[0xb9][0x96][0xab]8[0x14][0xcc][0xdf]W[0xf4][0xe9]x[0xe8][0xc6][0xd0][0x18][0xf3]2l[0xcc]f[0x4]f_[0x12][0x1f][0x10]`[0xc4]n[0xc0][0x18]xg[0xfe]}[0xa0];[0x98][0xf9][0x82][0x9][0x94][0xd4][0x95][0xaa][0xea]V[0xe9][0xcf][0xaf][0xb7][0xb7][0xf7][0x10][0xc2][0xa4][0xef]oCS$[0xf5][0xfb][0xef][0xb7][0xf7]9$[0x98][0x8f][0x10]g[0x8d].[0xe][0x1]#KMd_5f[0x8e][0xc4][0x16]f[0xcc][0x8e][0xe7]t[0xf1][0xf2][0x10][0xa0][0x9f][0xd7][0x91].[0x1e][0x84]*6O[0xe2][\r][0xa8]N[0x8e][0xe7][0xd6]H[0xd5]'nn[0xb5][0xa3]q[0x8b]G[0x9c]o[0x11][0xd4][0x85][0x83][0xa2]ZR[0x81]:[0x91]Z[0xb0]N[0xdc][0xa7][0xf4]eQ[0xda]3[0x98][0x8e]=[0xeb][0x8d][0xf6][0x10]E^^[0xd4][0xe5][0x8c][0x89][0xb8][0x93]_/s[0xf8]J[0x9c]<[[0x9a]X[0x98]D[0xd5]][0xc8]B[0xbb][0xeb][0xe7][0xcb][0xe9][0x92]-[0x87]L[0xd4]o[0xbc]hx[0xc1][0xfe][0xfd][0xaf][0xcd]x2[0xb5][0xa8]K[0xfa][0x1b][0xda]l[0x93][0x14][0xc3]|[0xa3]=l[0xda]d[0xdb]#[0x1b][0x86][0xb6][0xff][0xfd][0xf9][0xf9]z[0xbd]>[0xee]Ms/[0x93][0xb0]E[0xfd][0x7]l[0xaa][0xcf][0xf0]9d[0x9f][0xcf]>[0xe9]P[0x9d]6[0x1f]I[0x15][0xa2][0xf2]m}U[0xa3][0xf8][0x87][0xf9];[0x8b][0xdb]0[0xff][0x10][0x1d][0x93][0xb0]K[0xba][0x9f][0x9][0x8a][0xff][\r]*[0x99][0xe5],[0x12] [0xd2][0x90]l[0xda][0x8b][0xb4]S[0x91][0xd4]K[0xd5][0xd0][0x6]'i/U:[0x1e]X,[0xe1][0x13][0xe][0x2][0xb9][0x8c][0x0][0xc7][0xa3][0xc0][0xb2][0x9][0x91]&@[0x0]J[0xe3]l[0x1c][0x8]<R-[0xf1][0xab][0xa0]R[0xdd][0xf3]N[0x13][0x0]RN2[0x9e]x[0xec][0xc6]yqv:J[0xf5][0x8f]U[0xa6][0x85]$[0xd8][0xa0][0xcc]'[0xd4]1v)[0x1c][0xce]T[0x1d][0x11]L[0x1d][0x9][0xf6][0xd3]'[0x98]AB/[0xe4]{[0xed]K[0xca][0x1b][0xa4]r[0xe7][0x19]X[0xc5]z[0xa4][0x17][0xe0][0xd8]Yq[0x83][0x6][0x12]|[0x1f][0xaf][0x18][0xac][0x98]^[0x15]p<$[0xee][0xb] [0x9c]J][0x8c][0x9d]O[0xca]} [0x14][0x8b][0xea][0xc9][0xa5]R[0xf1]/([0x82]g@0c@Le[0xec][0xa9]%[0xac][0xd4]1[0xaa][0x8d]2[0xaa][0xf5][0xff]h9[0xc5][0xff][0xa5][0x5]I[0x7]mZ[0xc0]:[0x93][0xea][0x16][0x9f]u[0x9f]T[0x8b][0xa5][0xc0][0x2]&5_[0xf5]9[0x9b][0xdc][0xee][0x85][0x82][0xbe]eTAQ[0x6][0xae][0xb1]S[0xea][0xe0][0xb9][0xe1][0x81][0xbb][0xcb]B[0xf7][0xb5][0xcd]pX[0xf1][0xcf][0x95][0x1f]A[0xc2][0xde]8vj[0x9e][0xb1]A}[0xc4][0x95][0xca])b[0x93]"[0xa2][0xef][\n]"
2021-11-27 20:45:31 DEBUG http-outgoing-0 << "[0x9d][0xc1]w[0xcb][0xde]#[0x83][0xd5]OY[0x85][0xee][0xb6]k[0x8b][0xc3][0xda])[0xd7]z[0xb2][0x98]g[0x1a][0xdf]S[0x9b][0xcd]S[0xec]0[0xa4]][0x6]r\[0xe8][0x94])[0xae][0xaa]\[0xd6][0x19]K[0x0]4Kn[0x83]y[0xe3]*[0xb3]x[0xfd][0xe]`[0xad]Y[[0xf3][0x1][0x1c]\[0xc0][0xe6][0xc9][0xcb][0xb6][0xae]V[0xff][0xe0][0xb]p[0x12][0xbe][0xee]2[0xaf]Us4[0xe6]X[0xbe]a[0xef][0xe2]44v[0x93][0xd3]r[0x8e][0xfd][0xc4][0xba][0xdd][0xf4]e[0xf0]_[0xc2]>[0x82][0xa3][0xcd][0xd3]X%[0xa5]a[0xd1][0xf6][0xe2]I"
2021-11-27 20:45:31 DEBUG http-outgoing-0 << HTTP/1.1 200 OK
2021-11-27 20:45:31 DEBUG http-outgoing-0 << Cache-Control: no-cache, no-store, max-age=0, must-revalidate
2021-11-27 20:45:31 DEBUG http-outgoing-0 << Date: Sat, 27 Nov 2021 13:45:32 GMT
2021-11-27 20:45:31 DEBUG http-outgoing-0 << Pragma: no-cache
2021-11-27 20:45:31 DEBUG http-outgoing-0 << Expires: Mon, 01 Jan 1990 00:00:00 GMT
2021-11-27 20:45:31 DEBUG http-outgoing-0 << Content-Type: application/json; charset=utf-8
2021-11-27 20:45:31 DEBUG http-outgoing-0 << Vary: Origin
2021-11-27 20:45:31 DEBUG http-outgoing-0 << Vary: X-Origin
2021-11-27 20:45:31 DEBUG http-outgoing-0 << Vary: Referer
2021-11-27 20:45:31 DEBUG http-outgoing-0 << Content-Encoding: gzip
2021-11-27 20:45:31 DEBUG http-outgoing-0 << Server: scaffolding on HTTPServer2
2021-11-27 20:45:31 DEBUG http-outgoing-0 << X-XSS-Protection: 0
2021-11-27 20:45:31 DEBUG http-outgoing-0 << X-Frame-Options: SAMEORIGIN
2021-11-27 20:45:31 DEBUG http-outgoing-0 << X-Content-Type-Options: nosniff
2021-11-27 20:45:31 DEBUG http-outgoing-0 << Alt-Svc: h3=":443"; ma=2592000,h3-29=":443"; ma=2592000,h3-Q050=":443"; ma=2592000,h3-Q046=":443"; ma=2592000,h3-Q043=":443"; ma=2592000,quic=":443"; ma=2592000; v="46,43"
2021-11-27 20:45:31 DEBUG http-outgoing-0 << Transfer-Encoding: chunked
2021-11-27 20:45:31 DEBUG Connection can be kept alive indefinitely
2021-11-27 20:45:31 DEBUG http-outgoing-0 << "<G[0xf7][0x87][0x98][0xd1]&U[0x9a][0xad]9[0x1f]{[0xff][0xa0][0x99][0xfa][0x85][0xbe][0xd2][0x13][0xf][0xcb][0xe7][0x80]u[0x95]AO[0xcb]l#6[0xb][0xd5][0x87]RH[0xf7][0xc9][0xa5][0xda][0xf1]q[0xe2][0xfc][0xa4][0xa4][0xe6][0x8a][0xc0][0x1e][0x9][0xc9][0xce][0xcf]t<[0xb5][0x9d]n[0x92]T[0x1c]1[0xb7][0x1b]9[0xf8][0xf7][0xbe][0x13][0xea][0x5]4[0xa3]X[0xf4][0x8][0xa2][0xae][0x8f][0x84][0x94]JS[0x9a]u[0x1f][0xb6][0x18][0xf2]K[0x16]^Y([0x96]1m[0xcd][0x98][0xae][0xe0][0x8d][0xcb][0xfb]*vP[0xe6][0x84][0x11][0x94]J[0xe9][0xc6][0xc2][0xff][0xf2][\n]"
2021-11-27 20:45:31 DEBUG http-outgoing-0 << "[0x1f][0x9b][0xd0][0xfe]![0x8b][0x16][0x15]|[0x11][0x1d]0=uu}[0x2][0xb8][0x99][0x85]/jP.[0x17][0xc6][0xb9][0xd1]R0A/[0xca][0xa9]{[0xca]+[0x97][0xd8]~[0x8c][0xce][0xe1][0x86][0xbb]7[0x8d]3PV$Nj[0x99][0xf6]1M[0x8e]x^^[0xf]C[0xa8]I[0xaf]~![0xf9][0x93][0x8a][0x8f][0xb8][0xf6][0xac][0x15]H[0x1]i[0xd6][0xe5][\n]"
2021-11-27 20:45:31 DEBUG http-outgoing-0 << "[0x8b][0xf7]=[0xb8][0x92][0xb1]X[0x9c]1[0xda]M[0xa5]{[0xe5];[0xee][0xc3]|[0xd4][0x1a][0x9b][0xe8][0xef][0xbf][0xfe][0xfe][0x7][\n]"
2021-11-27 20:45:31 DEBUG http-outgoing-0 << "[0xd2][0x8][0xc1][0xe9][0x4][0x0][0x0][\r][\n]"
2021-11-27 20:45:31 DEBUG http-outgoing-0 << "0[\r][\n]"
2021-11-27 20:45:31 DEBUG http-outgoing-0 << "[\r][\n]"
2021-11-27 20:45:31 DEBUG Connection [id: 0][route: {s}->https://accounts.google.com:443] can be kept alive indefinitely
2021-11-27 20:45:31 DEBUG http-outgoing-0: set socket timeout to 0
2021-11-27 20:45:31 DEBUG Connection released: [id: 0][route: {s}->https://accounts.google.com:443][total kept alive: 1; route allocated: 1 of 100; total allocated: 1 of 200]
2021-11-27 20:45:31 DEBUG CookieSpec selected: default
2021-11-27 20:45:31 DEBUG Auth cache not set in the context
2021-11-27 20:45:31 DEBUG Connection request: [route: {s}->https://www.googleapis.com:443][total kept alive: 1; route allocated: 0 of 100; total allocated: 1 of 200]
2021-11-27 20:45:31 DEBUG Connection leased: [id: 1][route: {s}->https://www.googleapis.com:443][total kept alive: 1; route allocated: 1 of 100; total allocated: 2 of 200]
2021-11-27 20:45:31 DEBUG Opening connection {s}->https://www.googleapis.com:443
2021-11-27 20:45:31 DEBUG Connecting to www.googleapis.com/142.250.66.74:443
2021-11-27 20:45:31 DEBUG Connecting socket to www.googleapis.com/142.250.66.74:443 with timeout 0
2021-11-27 20:45:31 DEBUG Enabled protocols: [TLSv1, TLSv1.1, TLSv1.2]
2021-11-27 20:45:31 DEBUG Enabled cipher suites:[TLS_ECDHE_ECDSA_WITH_AES_256_CBC_SHA384, TLS_ECDHE_RSA_WITH_AES_256_CBC_SHA384, TLS_RSA_WITH_AES_256_CBC_SHA256, TLS_ECDH_ECDSA_WITH_AES_256_CBC_SHA384, TLS_ECDH_RSA_WITH_AES_256_CBC_SHA384, TLS_DHE_RSA_WITH_AES_256_CBC_SHA256, TLS_DHE_DSS_WITH_AES_256_CBC_SHA256, TLS_ECDHE_ECDSA_WITH_AES_256_CBC_SHA, TLS_ECDHE_RSA_WITH_AES_256_CBC_SHA, TLS_RSA_WITH_AES_256_CBC_SHA, TLS_ECDH_ECDSA_WITH_AES_256_CBC_SHA, TLS_ECDH_RSA_WITH_AES_256_CBC_SHA, TLS_DHE_RSA_WITH_AES_256_CBC_SHA, TLS_DHE_DSS_WITH_AES_256_CBC_SHA, TLS_ECDHE_ECDSA_WITH_AES_128_CBC_SHA256, TLS_ECDHE_RSA_WITH_AES_128_CBC_SHA256, TLS_RSA_WITH_AES_128_CBC_SHA256, TLS_ECDH_ECDSA_WITH_AES_128_CBC_SHA256, TLS_ECDH_RSA_WITH_AES_128_CBC_SHA256, TLS_DHE_RSA_WITH_AES_128_CBC_SHA256, TLS_DHE_DSS_WITH_AES_128_CBC_SHA256, TLS_ECDHE_ECDSA_WITH_AES_128_CBC_SHA, TLS_ECDHE_RSA_WITH_AES_128_CBC_SHA, TLS_RSA_WITH_AES_128_CBC_SHA, TLS_ECDH_ECDSA_WITH_AES_128_CBC_SHA, TLS_ECDH_RSA_WITH_AES_128_CBC_SHA, TLS_DHE_RSA_WITH_AES_128_CBC_SHA, TLS_DHE_DSS_WITH_AES_128_CBC_SHA, TLS_ECDHE_ECDSA_WITH_AES_256_GCM_SHA384, TLS_ECDHE_ECDSA_WITH_AES_128_GCM_SHA256, TLS_ECDHE_RSA_WITH_AES_256_GCM_SHA384, TLS_RSA_WITH_AES_256_GCM_SHA384, TLS_ECDH_ECDSA_WITH_AES_256_GCM_SHA384, TLS_ECDH_RSA_WITH_AES_256_GCM_SHA384, TLS_DHE_RSA_WITH_AES_256_GCM_SHA384, TLS_DHE_DSS_WITH_AES_256_GCM_SHA384, TLS_ECDHE_RSA_WITH_AES_128_GCM_SHA256, TLS_RSA_WITH_AES_128_GCM_SHA256, TLS_ECDH_ECDSA_WITH_AES_128_GCM_SHA256, TLS_ECDH_RSA_WITH_AES_128_GCM_SHA256, TLS_DHE_RSA_WITH_AES_128_GCM_SHA256, TLS_DHE_DSS_WITH_AES_128_GCM_SHA256, TLS_EMPTY_RENEGOTIATION_INFO_SCSV]
2021-11-27 20:45:31 DEBUG Starting handshake
2021-11-27 20:45:31 DEBUG Secure session established
2021-11-27 20:45:31 DEBUG  negotiated protocol: TLSv1.2
2021-11-27 20:45:31 DEBUG  negotiated cipher suite: TLS_ECDHE_ECDSA_WITH_AES_128_GCM_SHA256
2021-11-27 20:45:31 DEBUG  peer principal: CN=upload.video.google.com
2021-11-27 20:45:31 DEBUG  peer alternative names: [upload.video.google.com, *.clients.google.com, *.docs.google.com, *.drive.google.com, *.gdata.youtube.com, *.googleapis.com, *.photos.google.com, *.youtube-3rd-party.com, upload.google.com, *.upload.google.com, upload.youtube.com, *.upload.youtube.com, uploads.stage.gdata.youtube.com, bg-call-donation.goog, bg-call-donation-alpha.goog, bg-call-donation-canary.goog, bg-call-donation-dev.goog]
2021-11-27 20:45:31 DEBUG  issuer principal: CN=GTS CA 1C3, O=Google Trust Services LLC, C=US
2021-11-27 20:45:31 DEBUG Connection established 192.168.0.106:64245<->142.250.66.74:443
2021-11-27 20:45:31 DEBUG Executing request GET /oauth2/v1/userinfo?access_token=ya29.a0ARrdaM9JIobUPO9ybHpch91FDQHKqGcYjnbQH8GmdSCH_MNVj0jTv5nCDypOBR_dv0FpicQG8LNTIkirH5z-rH6f7KzLpEMxBsAXvUtbbXjknly-H0VjPKyaweVjhzodGxHNWz3kOgQEKCKhz8hHQ_FHRXZ6 HTTP/1.1
2021-11-27 20:45:31 DEBUG Target auth state: UNCHALLENGED
2021-11-27 20:45:31 DEBUG Proxy auth state: UNCHALLENGED
2021-11-27 20:45:31 DEBUG http-outgoing-1 >> GET /oauth2/v1/userinfo?access_token=ya29.a0ARrdaM9JIobUPO9ybHpch91FDQHKqGcYjnbQH8GmdSCH_MNVj0jTv5nCDypOBR_dv0FpicQG8LNTIkirH5z-rH6f7KzLpEMxBsAXvUtbbXjknly-H0VjPKyaweVjhzodGxHNWz3kOgQEKCKhz8hHQ_FHRXZ6 HTTP/1.1
2021-11-27 20:45:31 DEBUG http-outgoing-1 >> Host: www.googleapis.com
2021-11-27 20:45:31 DEBUG http-outgoing-1 >> Connection: Keep-Alive
2021-11-27 20:45:31 DEBUG http-outgoing-1 >> User-Agent: Apache-HttpClient/4.5.5 (Java/1.8.0_251)
2021-11-27 20:45:31 DEBUG http-outgoing-1 >> Accept-Encoding: gzip,deflate
2021-11-27 20:45:31 DEBUG http-outgoing-1 >> "GET /oauth2/v1/userinfo?access_token=ya29.a0ARrdaM9JIobUPO9ybHpch91FDQHKqGcYjnbQH8GmdSCH_MNVj0jTv5nCDypOBR_dv0FpicQG8LNTIkirH5z-rH6f7KzLpEMxBsAXvUtbbXjknly-H0VjPKyaweVjhzodGxHNWz3kOgQEKCKhz8hHQ_FHRXZ6 HTTP/1.1[\r][\n]"
2021-11-27 20:45:31 DEBUG http-outgoing-1 >> "Host: www.googleapis.com[\r][\n]"
2021-11-27 20:45:31 DEBUG http-outgoing-1 >> "Connection: Keep-Alive[\r][\n]"
2021-11-27 20:45:31 DEBUG http-outgoing-1 >> "User-Agent: Apache-HttpClient/4.5.5 (Java/1.8.0_251)[\r][\n]"
2021-11-27 20:45:31 DEBUG http-outgoing-1 >> "Accept-Encoding: gzip,deflate[\r][\n]"
2021-11-27 20:45:31 DEBUG http-outgoing-1 >> "[\r][\n]"
2021-11-27 20:45:32 DEBUG http-outgoing-1 << "HTTP/1.1 200 OK[\r][\n]"
2021-11-27 20:45:32 DEBUG http-outgoing-1 << "Date: Sat, 27 Nov 2021 13:45:32 GMT[\r][\n]"
2021-11-27 20:45:32 DEBUG http-outgoing-1 << "Cache-Control: no-cache, no-store, max-age=0, must-revalidate[\r][\n]"
2021-11-27 20:45:32 DEBUG http-outgoing-1 << "Pragma: no-cache[\r][\n]"
2021-11-27 20:45:32 DEBUG http-outgoing-1 << "Expires: Mon, 01 Jan 1990 00:00:00 GMT[\r][\n]"
2021-11-27 20:45:32 DEBUG http-outgoing-1 << "Content-Type: application/json; charset=UTF-8[\r][\n]"
2021-11-27 20:45:32 DEBUG http-outgoing-1 << "Vary: Origin[\r][\n]"
2021-11-27 20:45:32 DEBUG http-outgoing-1 << "Vary: X-Origin[\r][\n]"
2021-11-27 20:45:32 DEBUG http-outgoing-1 << "Vary: Referer[\r][\n]"
2021-11-27 20:45:32 DEBUG http-outgoing-1 << "Content-Encoding: gzip[\r][\n]"
2021-11-27 20:45:32 DEBUG http-outgoing-1 << "Server: ESF[\r][\n]"
2021-11-27 20:45:32 DEBUG http-outgoing-1 << "X-XSS-Protection: 0[\r][\n]"
2021-11-27 20:45:32 DEBUG http-outgoing-1 << "X-Frame-Options: SAMEORIGIN[\r][\n]"
2021-11-27 20:45:32 DEBUG http-outgoing-1 << "X-Content-Type-Options: nosniff[\r][\n]"
2021-11-27 20:45:32 DEBUG http-outgoing-1 << "Alt-Svc: h3=":443"; ma=2592000,h3-29=":443"; ma=2592000,h3-Q050=":443"; ma=2592000,h3-Q046=":443"; ma=2592000,h3-Q043=":443"; ma=2592000,quic=":443"; ma=2592000; v="46,43"[\r][\n]"
2021-11-27 20:45:32 DEBUG http-outgoing-1 << "Transfer-Encoding: chunked[\r][\n]"
2021-11-27 20:45:32 DEBUG http-outgoing-1 << "[\r][\n]"
2021-11-27 20:45:32 DEBUG http-outgoing-1 << "000cd[\r][\n]"
2021-11-27 20:45:32 DEBUG http-outgoing-1 << "[0x1f][0x8b][0x8][0x0][0x0][0x0][0x0][0x0][0x2][0xff]M[0x8f][0xc1][0x8a][0xc2]0[0x14]E[0xf7][0xfd][0x8a][0xd2][0xb5]mMkS+[0x8][\n]"
2021-11-27 20:45:32 DEBUG http-outgoing-1 << "[0x82][0xe2][0xa6]#[0x8][0xe2]Jj[0xfa][0xda][0x4][0xd3]$$/[0xdd][0x88][0xff]>Se[0xc0][0xf5]=[0xf7]r[0xee]3[0x8][0xc3]H[0xb4][0xd1]*[0x8c][0x8])[0xcb][0x8c][0x90]%)[0xe6]U[0x9e][0x13]J[0xb2]yQF[0xb3][0x9][0x80][0xa1][0x11]rb[0xd0]6J[0xe1][0xdd][0xc1][0x1f]T[0xd0][0xe5][0xa6]3[0x98]@[0xeb][0x93]Q}[0xc0][0x11][0xac][0xe8][0x4][0xb4][0xb7][0xff][0x6]Z[0xf][0xef][0xc4][0x8][0x86][0xde][0xc2]4[0xc2][0x11][0x8d][[0xa5][0xa9][0xe4]y[0xd2]k[0xdd]K[0xf0][0xe],[0xd3][\n]"
2021-11-27 20:45:32 DEBUG http-outgoing-1 << "Aa[0xc2][0xf4][0x90]6q[0xba][0xad]9Y[0xec][0xc5][0xa3][0xbe][0xca][0x9f],[0x1e]y3\t[0xef][0xfd][0xc0][0x8e];[0xb3]=wT^[0xdb][0xda]U@O[0x7]c[0xcf][0xa7][0xb5][0xab]h[0xcc]>[0xe][0xfc][0xfd][0xe6][0xcb],x[0x5][0xbf][[0xf4][0x12][0x10][0xe7][0x0][0x0][0x0][\r][\n]"
2021-11-27 20:45:32 DEBUG http-outgoing-1 << HTTP/1.1 200 OK
2021-11-27 20:45:32 DEBUG http-outgoing-1 << Date: Sat, 27 Nov 2021 13:45:32 GMT
2021-11-27 20:45:32 DEBUG http-outgoing-1 << Cache-Control: no-cache, no-store, max-age=0, must-revalidate
2021-11-27 20:45:32 DEBUG http-outgoing-1 << Pragma: no-cache
2021-11-27 20:45:32 DEBUG http-outgoing-1 << Expires: Mon, 01 Jan 1990 00:00:00 GMT
2021-11-27 20:45:32 DEBUG http-outgoing-1 << Content-Type: application/json; charset=UTF-8
2021-11-27 20:45:32 DEBUG http-outgoing-1 << Vary: Origin
2021-11-27 20:45:32 DEBUG http-outgoing-1 << Vary: X-Origin
2021-11-27 20:45:32 DEBUG http-outgoing-1 << Vary: Referer
2021-11-27 20:45:32 DEBUG http-outgoing-1 << Content-Encoding: gzip
2021-11-27 20:45:32 DEBUG http-outgoing-1 << Server: ESF
2021-11-27 20:45:32 DEBUG http-outgoing-1 << X-XSS-Protection: 0
2021-11-27 20:45:32 DEBUG http-outgoing-1 << X-Frame-Options: SAMEORIGIN
2021-11-27 20:45:32 DEBUG http-outgoing-1 << X-Content-Type-Options: nosniff
2021-11-27 20:45:32 DEBUG http-outgoing-1 << Alt-Svc: h3=":443"; ma=2592000,h3-29=":443"; ma=2592000,h3-Q050=":443"; ma=2592000,h3-Q046=":443"; ma=2592000,h3-Q043=":443"; ma=2592000,quic=":443"; ma=2592000; v="46,43"
2021-11-27 20:45:32 DEBUG http-outgoing-1 << Transfer-Encoding: chunked
2021-11-27 20:45:32 DEBUG Connection can be kept alive indefinitely
2021-11-27 20:45:32 DEBUG http-outgoing-1 << "0[\r][\n]"
2021-11-27 20:45:32 DEBUG http-outgoing-1 << "[\r][\n]"
2021-11-27 20:45:32 DEBUG Connection [id: 1][route: {s}->https://www.googleapis.com:443] can be kept alive indefinitely
2021-11-27 20:45:32 DEBUG http-outgoing-1: set socket timeout to 0
2021-11-27 20:45:32 DEBUG Connection released: [id: 1][route: {s}->https://www.googleapis.com:443][total kept alive: 2; route allocated: 1 of 100; total allocated: 2 of 200]
2021-11-27 20:45:32 DEBUG CookieSpec selected: default
2021-11-27 20:45:32 DEBUG Auth cache not set in the context
2021-11-27 20:45:32 DEBUG Connection request: [route: {s}->https://accounts.google.com:443][total kept alive: 2; route allocated: 1 of 100; total allocated: 2 of 200]
2021-11-27 20:45:32 DEBUG http-outgoing-0 << "[read] I/O error: Read timed out"
2021-11-27 20:45:32 DEBUG Connection leased: [id: 0][route: {s}->https://accounts.google.com:443][total kept alive: 1; route allocated: 1 of 100; total allocated: 2 of 200]
2021-11-27 20:45:32 DEBUG http-outgoing-0: set socket timeout to 0
2021-11-27 20:45:32 DEBUG Executing request POST /o/oauth2/token HTTP/1.1
2021-11-27 20:45:32 DEBUG Target auth state: UNCHALLENGED
2021-11-27 20:45:32 DEBUG Proxy auth state: UNCHALLENGED
2021-11-27 20:45:32 DEBUG http-outgoing-0 >> POST /o/oauth2/token HTTP/1.1
2021-11-27 20:45:32 DEBUG http-outgoing-0 >> Content-Length: 316
2021-11-27 20:45:32 DEBUG http-outgoing-0 >> Content-Type: application/x-www-form-urlencoded; charset=ISO-8859-1
2021-11-27 20:45:32 DEBUG http-outgoing-0 >> Host: accounts.google.com
2021-11-27 20:45:32 DEBUG http-outgoing-0 >> Connection: Keep-Alive
2021-11-27 20:45:32 DEBUG http-outgoing-0 >> User-Agent: Apache-HttpClient/4.5.5 (Java/1.8.0_251)
2021-11-27 20:45:32 DEBUG http-outgoing-0 >> Accept-Encoding: gzip,deflate
2021-11-27 20:45:32 DEBUG http-outgoing-0 >> "POST /o/oauth2/token HTTP/1.1[\r][\n]"
2021-11-27 20:45:32 DEBUG http-outgoing-0 >> "Content-Length: 316[\r][\n]"
2021-11-27 20:45:32 DEBUG http-outgoing-0 >> "Content-Type: application/x-www-form-urlencoded; charset=ISO-8859-1[\r][\n]"
2021-11-27 20:45:32 DEBUG http-outgoing-0 >> "Host: accounts.google.com[\r][\n]"
2021-11-27 20:45:32 DEBUG http-outgoing-0 >> "Connection: Keep-Alive[\r][\n]"
2021-11-27 20:45:32 DEBUG http-outgoing-0 >> "User-Agent: Apache-HttpClient/4.5.5 (Java/1.8.0_251)[\r][\n]"
2021-11-27 20:45:32 DEBUG http-outgoing-0 >> "Accept-Encoding: gzip,deflate[\r][\n]"
2021-11-27 20:45:32 DEBUG http-outgoing-0 >> "[\r][\n]"
2021-11-27 20:45:32 DEBUG http-outgoing-0 >> "client_id=412192120002-fhsalu92rol4m4kh33ef74ucrldi35re.apps.googleusercontent.com&client_secret=9dxESkJFQmKqUe5NQkdWYzxn&redirect_uri=http%3A%2F%2Flocalhost%3A8084%2FCarStore_SE150568%2FLoginGoogleServlet&code=4%2F0AX4XfWiBDtUKP61E8QxHqMO6fMfuBe-eH70IIXA6_CbxDU-7NdUUoBcZ4wq7Qwum3gy2qg&grant_type=authorization_code"
2021-11-27 20:45:32 DEBUG http-outgoing-0 << "HTTP/1.1 400 Bad Request[\r][\n]"
2021-11-27 20:45:32 DEBUG http-outgoing-0 << "Pragma: no-cache[\r][\n]"
2021-11-27 20:45:32 DEBUG http-outgoing-0 << "Date: Sat, 27 Nov 2021 13:45:33 GMT[\r][\n]"
2021-11-27 20:45:32 DEBUG http-outgoing-0 << "Cache-Control: no-cache, no-store, max-age=0, must-revalidate[\r][\n]"
2021-11-27 20:45:32 DEBUG http-outgoing-0 << "Expires: Mon, 01 Jan 1990 00:00:00 GMT[\r][\n]"
2021-11-27 20:45:32 DEBUG http-outgoing-0 << "Content-Type: application/json; charset=utf-8[\r][\n]"
2021-11-27 20:45:32 DEBUG http-outgoing-0 << "Vary: Origin[\r][\n]"
2021-11-27 20:45:32 DEBUG http-outgoing-0 << "Vary: X-Origin[\r][\n]"
2021-11-27 20:45:32 DEBUG http-outgoing-0 << "Vary: Referer[\r][\n]"
2021-11-27 20:45:32 DEBUG http-outgoing-0 << "Content-Encoding: gzip[\r][\n]"
2021-11-27 20:45:32 DEBUG http-outgoing-0 << "Server: scaffolding on HTTPServer2[\r][\n]"
2021-11-27 20:45:32 DEBUG http-outgoing-0 << "X-XSS-Protection: 0[\r][\n]"
2021-11-27 20:45:32 DEBUG http-outgoing-0 << "X-Frame-Options: SAMEORIGIN[\r][\n]"
2021-11-27 20:45:32 DEBUG http-outgoing-0 << "X-Content-Type-Options: nosniff[\r][\n]"
2021-11-27 20:45:32 DEBUG http-outgoing-0 << "Alt-Svc: h3=":443"; ma=2592000,h3-29=":443"; ma=2592000,h3-Q050=":443"; ma=2592000,h3-Q046=":443"; ma=2592000,h3-Q043=":443"; ma=2592000,quic=":443"; ma=2592000; v="46,43"[\r][\n]"
2021-11-27 20:45:32 DEBUG http-outgoing-0 << "Transfer-Encoding: chunked[\r][\n]"
2021-11-27 20:45:32 DEBUG http-outgoing-0 << "[\r][\n]"
2021-11-27 20:45:32 DEBUG http-outgoing-0 << "00000001[\r][\n]"
2021-11-27 20:45:32 DEBUG http-outgoing-0 << "[0x1f][\r][\n]"
2021-11-27 20:45:32 DEBUG http-outgoing-0 << "00000001[\r][\n]"
2021-11-27 20:45:32 DEBUG http-outgoing-0 << "[0x8b][\r][\n]"
2021-11-27 20:45:32 DEBUG http-outgoing-0 << "00000001[\r][\n]"
2021-11-27 20:45:32 DEBUG http-outgoing-0 << "[0x8][\r][\n]"
2021-11-27 20:45:32 DEBUG http-outgoing-0 << "00000001[\r][\n]"
2021-11-27 20:45:32 DEBUG http-outgoing-0 << "[0x0][\r][\n]"
2021-11-27 20:45:32 DEBUG http-outgoing-0 << "00000001[\r][\n]"
2021-11-27 20:45:32 DEBUG http-outgoing-0 << "[0x0][\r][\n]"
2021-11-27 20:45:32 DEBUG http-outgoing-0 << "00000001[\r][\n]"
2021-11-27 20:45:32 DEBUG http-outgoing-0 << "[0x0][\r][\n]"
2021-11-27 20:45:32 DEBUG http-outgoing-0 << "00000001[\r][\n]"
2021-11-27 20:45:32 DEBUG http-outgoing-0 << "[0x0][\r][\n]"
2021-11-27 20:45:32 DEBUG http-outgoing-0 << "00000001[\r][\n]"
2021-11-27 20:45:32 DEBUG http-outgoing-0 << "[0x0][\r][\n]"
2021-11-27 20:45:32 DEBUG http-outgoing-0 << "00000001[\r][\n]"
2021-11-27 20:45:32 DEBUG http-outgoing-0 << "[0x2][\r][\n]"
2021-11-27 20:45:32 DEBUG http-outgoing-0 << "00000001[\r][\n]"
2021-11-27 20:45:32 DEBUG http-outgoing-0 << "[0xff][\r][\n]"
2021-11-27 20:45:32 DEBUG http-outgoing-0 << "000045[\r][\n]"
2021-11-27 20:45:32 DEBUG http-outgoing-0 << "[0xab][0xe6]RPPJ-*[0xca]/R[0xb2]RP[0xca][0xcc]+K[0xcc][0xc9]L[0x89]O/J[0xcc]+Q[0xd2][0x81][0xcb][0xc5][0xa7][0xa4][0x16]'[0x17]e[0x16][0x94]d[0xe6][0xe7][0x81][0xd4]9%[0xa6]([0x4][0xa5][0x16][0x96][0xa6][0x16][0x97](q[0xd5][0x2][0x0][0xcd][0x1e][0xc4][0x2]D[0x0][0x0][0x0][\r][\n]"
2021-11-27 20:45:32 DEBUG http-outgoing-0 << HTTP/1.1 400 Bad Request
2021-11-27 20:45:32 DEBUG http-outgoing-0 << Pragma: no-cache
2021-11-27 20:45:32 DEBUG http-outgoing-0 << Date: Sat, 27 Nov 2021 13:45:33 GMT
2021-11-27 20:45:32 DEBUG http-outgoing-0 << Cache-Control: no-cache, no-store, max-age=0, must-revalidate
2021-11-27 20:45:32 DEBUG http-outgoing-0 << Expires: Mon, 01 Jan 1990 00:00:00 GMT
2021-11-27 20:45:32 DEBUG http-outgoing-0 << Content-Type: application/json; charset=utf-8
2021-11-27 20:45:32 DEBUG http-outgoing-0 << Vary: Origin
2021-11-27 20:45:32 DEBUG http-outgoing-0 << Vary: X-Origin
2021-11-27 20:45:32 DEBUG http-outgoing-0 << Vary: Referer
2021-11-27 20:45:32 DEBUG http-outgoing-0 << Content-Encoding: gzip
2021-11-27 20:45:32 DEBUG http-outgoing-0 << Server: scaffolding on HTTPServer2
2021-11-27 20:45:32 DEBUG http-outgoing-0 << X-XSS-Protection: 0
2021-11-27 20:45:32 DEBUG http-outgoing-0 << X-Frame-Options: SAMEORIGIN
2021-11-27 20:45:32 DEBUG http-outgoing-0 << X-Content-Type-Options: nosniff
2021-11-27 20:45:32 DEBUG http-outgoing-0 << Alt-Svc: h3=":443"; ma=2592000,h3-29=":443"; ma=2592000,h3-Q050=":443"; ma=2592000,h3-Q046=":443"; ma=2592000,h3-Q043=":443"; ma=2592000,quic=":443"; ma=2592000; v="46,43"
2021-11-27 20:45:32 DEBUG http-outgoing-0 << Transfer-Encoding: chunked
2021-11-27 20:45:32 DEBUG Connection can be kept alive indefinitely
2021-11-27 20:45:32 DEBUG http-outgoing-0 << "0[\r][\n]"
2021-11-27 20:45:32 DEBUG http-outgoing-0 << "[\r][\n]"
2021-11-27 20:45:32 DEBUG Connection [id: 0][route: {s}->https://accounts.google.com:443] can be kept alive indefinitely
2021-11-27 20:45:32 DEBUG http-outgoing-0: set socket timeout to 0
2021-11-27 20:45:32 DEBUG Connection released: [id: 0][route: {s}->https://accounts.google.com:443][total kept alive: 2; route allocated: 1 of 100; total allocated: 2 of 200]
2021-11-27 20:45:32 DEBUG CookieSpec selected: default
2021-11-27 20:45:32 DEBUG Auth cache not set in the context
2021-11-27 20:45:32 DEBUG Connection request: [route: {s}->https://www.googleapis.com:443][total kept alive: 2; route allocated: 1 of 100; total allocated: 2 of 200]
2021-11-27 20:45:32 DEBUG Connection leased: [id: 1][route: {s}->https://www.googleapis.com:443][total kept alive: 1; route allocated: 1 of 100; total allocated: 2 of 200]
2021-11-27 20:45:32 DEBUG http-outgoing-1: set socket timeout to 0
2021-11-27 20:45:32 DEBUG Executing request GET /oauth2/v1/userinfo?access_token=null HTTP/1.1
2021-11-27 20:45:32 DEBUG Target auth state: UNCHALLENGED
2021-11-27 20:45:32 DEBUG Proxy auth state: UNCHALLENGED
2021-11-27 20:45:32 DEBUG http-outgoing-1 >> GET /oauth2/v1/userinfo?access_token=null HTTP/1.1
2021-11-27 20:45:32 DEBUG http-outgoing-1 >> Host: www.googleapis.com
2021-11-27 20:45:32 DEBUG http-outgoing-1 >> Connection: Keep-Alive
2021-11-27 20:45:32 DEBUG http-outgoing-1 >> User-Agent: Apache-HttpClient/4.5.5 (Java/1.8.0_251)
2021-11-27 20:45:32 DEBUG http-outgoing-1 >> Accept-Encoding: gzip,deflate
2021-11-27 20:45:32 DEBUG http-outgoing-1 >> "GET /oauth2/v1/userinfo?access_token=null HTTP/1.1[\r][\n]"
2021-11-27 20:45:32 DEBUG http-outgoing-1 >> "Host: www.googleapis.com[\r][\n]"
2021-11-27 20:45:32 DEBUG http-outgoing-1 >> "Connection: Keep-Alive[\r][\n]"
2021-11-27 20:45:32 DEBUG http-outgoing-1 >> "User-Agent: Apache-HttpClient/4.5.5 (Java/1.8.0_251)[\r][\n]"
2021-11-27 20:45:32 DEBUG http-outgoing-1 >> "Accept-Encoding: gzip,deflate[\r][\n]"
2021-11-27 20:45:32 DEBUG http-outgoing-1 >> "[\r][\n]"
2021-11-27 20:45:32 DEBUG http-outgoing-1 << "HTTP/1.1 401 Unauthorized[\r][\n]"
2021-11-27 20:45:32 DEBUG http-outgoing-1 << "Pragma: no-cache[\r][\n]"
2021-11-27 20:45:32 DEBUG http-outgoing-1 << "Expires: Mon, 01 Jan 1990 00:00:00 GMT[\r][\n]"
2021-11-27 20:45:32 DEBUG http-outgoing-1 << "Cache-Control: no-cache, no-store, max-age=0, must-revalidate[\r][\n]"
2021-11-27 20:45:32 DEBUG http-outgoing-1 << "Date: Sat, 27 Nov 2021 13:45:33 GMT[\r][\n]"
2021-11-27 20:45:32 DEBUG http-outgoing-1 << "Vary: Origin[\r][\n]"
2021-11-27 20:45:32 DEBUG http-outgoing-1 << "Vary: X-Origin[\r][\n]"
2021-11-27 20:45:32 DEBUG http-outgoing-1 << "Vary: Referer[\r][\n]"
2021-11-27 20:45:32 DEBUG http-outgoing-1 << "Content-Type: application/json; charset=UTF-8[\r][\n]"
2021-11-27 20:45:32 DEBUG http-outgoing-1 << "Content-Encoding: gzip[\r][\n]"
2021-11-27 20:45:32 DEBUG http-outgoing-1 << "Server: ESF[\r][\n]"
2021-11-27 20:45:32 DEBUG http-outgoing-1 << "X-XSS-Protection: 0[\r][\n]"
2021-11-27 20:45:32 DEBUG http-outgoing-1 << "X-Frame-Options: SAMEORIGIN[\r][\n]"
2021-11-27 20:45:32 DEBUG http-outgoing-1 << "X-Content-Type-Options: nosniff[\r][\n]"
2021-11-27 20:45:32 DEBUG http-outgoing-1 << "Alt-Svc: h3=":443"; ma=2592000,h3-29=":443"; ma=2592000,h3-Q050=":443"; ma=2592000,h3-Q046=":443"; ma=2592000,h3-Q043=":443"; ma=2592000,quic=":443"; ma=2592000; v="46,43"[\r][\n]"
2021-11-27 20:45:32 DEBUG http-outgoing-1 << "Transfer-Encoding: chunked[\r][\n]"
2021-11-27 20:45:32 DEBUG http-outgoing-1 << "[\r][\n]"
2021-11-27 20:45:32 DEBUG http-outgoing-1 << "00000001[\r][\n]"
2021-11-27 20:45:32 DEBUG http-outgoing-1 << "[0x1f][\r][\n]"
2021-11-27 20:45:32 DEBUG http-outgoing-1 << "00000001[\r][\n]"
2021-11-27 20:45:32 DEBUG http-outgoing-1 << "[0x8b][\r][\n]"
2021-11-27 20:45:32 DEBUG http-outgoing-1 << "00000001[\r][\n]"
2021-11-27 20:45:32 DEBUG http-outgoing-1 << "[0x8][\r][\n]"
2021-11-27 20:45:32 DEBUG http-outgoing-1 << "00000001[\r][\n]"
2021-11-27 20:45:32 DEBUG http-outgoing-1 << "[0x0][\r][\n]"
2021-11-27 20:45:32 DEBUG http-outgoing-1 << "00000001[\r][\n]"
2021-11-27 20:45:32 DEBUG http-outgoing-1 << "[0x0][\r][\n]"
2021-11-27 20:45:32 DEBUG http-outgoing-1 << "00000001[\r][\n]"
2021-11-27 20:45:32 DEBUG http-outgoing-1 << "[0x0][\r][\n]"
2021-11-27 20:45:32 DEBUG http-outgoing-1 << "00000001[\r][\n]"
2021-11-27 20:45:32 DEBUG http-outgoing-1 << "[0x0][\r][\n]"
2021-11-27 20:45:32 DEBUG http-outgoing-1 << "00000001[\r][\n]"
2021-11-27 20:45:32 DEBUG http-outgoing-1 << "[0x0][\r][\n]"
2021-11-27 20:45:32 DEBUG http-outgoing-1 << "00000001[\r][\n]"
2021-11-27 20:45:32 DEBUG http-outgoing-1 << "[0x2][\r][\n]"
2021-11-27 20:45:32 DEBUG http-outgoing-1 << "00000001[\r][\n]"
2021-11-27 20:45:32 DEBUG http-outgoing-1 << "[0xff][\r][\n]"
2021-11-27 20:45:32 DEBUG http-outgoing-1 << "00000001[\r][\n]"
2021-11-27 20:45:32 DEBUG http-outgoing-1 << "}[\r][\n]"
2021-11-27 20:45:32 DEBUG http-outgoing-1 << "00000001[\r][\n]"
2021-11-27 20:45:32 DEBUG http-outgoing-1 << "[0x8f][\r][\n]"
2021-11-27 20:45:32 DEBUG http-outgoing-1 << "00000001[\r][\n]"
2021-11-27 20:45:32 DEBUG http-outgoing-1 << "A[\r][\n]"
2021-11-27 20:45:32 DEBUG http-outgoing-1 << "00000001[\r][\n]"
2021-11-27 20:45:32 DEBUG http-outgoing-1 << "N[\r][\n]"
2021-11-27 20:45:32 DEBUG http-outgoing-1 << "00000001[\r][\n]"
2021-11-27 20:45:32 DEBUG http-outgoing-1 << "[0xc3][\r][\n]"
2021-11-27 20:45:32 DEBUG http-outgoing-1 << "00000001[\r][\n]"
2021-11-27 20:45:32 DEBUG http-outgoing-1 << "@[\r][\n]"
2021-11-27 20:45:32 DEBUG http-outgoing-1 << "00000001[\r][\n]"
2021-11-27 20:45:32 DEBUG http-outgoing-1 << "[0xc][\r][\n]"
2021-11-27 20:45:32 DEBUG http-outgoing-1 << "00000001[\r][\n]"
2021-11-27 20:45:32 DEBUG http-outgoing-1 << "E[\r][\n]"
2021-11-27 20:45:32 DEBUG http-outgoing-1 << "00d2[\r][\n]"
2021-11-27 20:45:32 DEBUG http-outgoing-1 << "[0xf7]9[0x85][0x95]u[0x9b][0xa1][0x88]Uw[0x11]D[0x82]M[0x91] =[0xc0]0[0xb1][0xa6][0xa6][0x93]q:v[\n]"
2021-11-27 20:45:32 DEBUG http-outgoing-1 << "[0xa8][0xea][0xdd]q[0x80]5[0xcb][0xf7][0xfc][0xfd]e_*[0x80][0x1a]K[0xe1]Ro[0xe1]b`[0x18]x@[0xa3][0xbb][0x9b][0xcd][0xea]W[0x8c]([0xe2][0xe3][0xe2][0xea][0x17]<[0xcd]([\n]"
2021-11-27 20:45:32 DEBUG http-outgoing-1 << "$0[0x92][0x8][0xe5][0x8][0xc5][0x14][0x15][0x1c][0xc0][0xcf]z[0xc0][0xac][0x14][0xbc][0x12]g[0x8][0xe6][0x16][0xf4][0xa9][0x81][0xee]s[0xc2][0xa0][0x96]yn-[0x4][0xb7][0xe0]C[0xb0]RP>b^A[0xe2]H[0xb6][0xc0]|$[0x4].[0xc0]VT[0xe0][0xec][0x13][0xfd][0xdb][0xfa][0x8a][0x8][0x7][0xd5]I[0xb6][0xce][\r]x[0xc6][0xc4][0x13][0x16]i"sL[0xd8][0x4][0x1e][0x1d][0xfd]d[0xf5][0xcb][0x9][0xc5][0xbc][0xa6][0xec]>[0xf0]m[0x89][0x6][0xce][0xc2][0x9][0xd7]S[0xe1]w;[0xac][0xa9][0xff]>[0x15][0xf5]:[0xcb][0xf2][0xe8]~[0xd7][0xee][0xfb][0xc7]n[0xd7]?[0xdd][0xb7]}[0xf7]P[0xdb][0xfc]Z][0xab]o[0xcc]c[0x90][0x1f]0[0x1][0x0][0x0][\r][\n]"
2021-11-27 20:45:32 DEBUG http-outgoing-1 << HTTP/1.1 401 Unauthorized
2021-11-27 20:45:32 DEBUG http-outgoing-1 << Pragma: no-cache
2021-11-27 20:45:32 DEBUG http-outgoing-1 << Expires: Mon, 01 Jan 1990 00:00:00 GMT
2021-11-27 20:45:32 DEBUG http-outgoing-1 << Cache-Control: no-cache, no-store, max-age=0, must-revalidate
2021-11-27 20:45:32 DEBUG http-outgoing-1 << Date: Sat, 27 Nov 2021 13:45:33 GMT
2021-11-27 20:45:32 DEBUG http-outgoing-1 << Vary: Origin
2021-11-27 20:45:32 DEBUG http-outgoing-1 << Vary: X-Origin
2021-11-27 20:45:32 DEBUG http-outgoing-1 << Vary: Referer
2021-11-27 20:45:32 DEBUG http-outgoing-1 << Content-Type: application/json; charset=UTF-8
2021-11-27 20:45:32 DEBUG http-outgoing-1 << Content-Encoding: gzip
2021-11-27 20:45:32 DEBUG http-outgoing-1 << Server: ESF
2021-11-27 20:45:32 DEBUG http-outgoing-1 << X-XSS-Protection: 0
2021-11-27 20:45:32 DEBUG http-outgoing-1 << X-Frame-Options: SAMEORIGIN
2021-11-27 20:45:32 DEBUG http-outgoing-1 << X-Content-Type-Options: nosniff
2021-11-27 20:45:32 DEBUG http-outgoing-1 << Alt-Svc: h3=":443"; ma=2592000,h3-29=":443"; ma=2592000,h3-Q050=":443"; ma=2592000,h3-Q046=":443"; ma=2592000,h3-Q043=":443"; ma=2592000,quic=":443"; ma=2592000; v="46,43"
2021-11-27 20:45:32 DEBUG http-outgoing-1 << Transfer-Encoding: chunked
2021-11-27 20:45:32 DEBUG Connection can be kept alive indefinitely
2021-11-27 20:45:32 DEBUG Authentication required
2021-11-27 20:45:32 DEBUG www.googleapis.com:443 requested authentication
2021-11-27 20:45:32 DEBUG Response contains no authentication challenges
2021-11-27 20:45:32 DEBUG http-outgoing-1 << "0[\r][\n]"
2021-11-27 20:45:32 DEBUG http-outgoing-1 << "[\r][\n]"
2021-11-27 20:45:32 DEBUG Connection [id: 1][route: {s}->https://www.googleapis.com:443] can be kept alive indefinitely
2021-11-27 20:45:32 DEBUG http-outgoing-1: set socket timeout to 0
2021-11-27 20:45:32 DEBUG Connection released: [id: 1][route: {s}->https://www.googleapis.com:443][total kept alive: 2; route allocated: 1 of 100; total allocated: 2 of 200]
2021-11-27 20:45:33 DEBUG CookieSpec selected: default
2021-11-27 20:45:33 DEBUG Auth cache not set in the context
2021-11-27 20:45:33 DEBUG Connection request: [route: {s}->https://accounts.google.com:443][total kept alive: 2; route allocated: 1 of 100; total allocated: 2 of 200]
2021-11-27 20:45:33 DEBUG Connection leased: [id: 0][route: {s}->https://accounts.google.com:443][total kept alive: 1; route allocated: 1 of 100; total allocated: 2 of 200]
2021-11-27 20:45:33 DEBUG http-outgoing-0: set socket timeout to 0
2021-11-27 20:45:33 DEBUG Executing request POST /o/oauth2/token HTTP/1.1
2021-11-27 20:45:33 DEBUG Target auth state: UNCHALLENGED
2021-11-27 20:45:33 DEBUG Proxy auth state: UNCHALLENGED
2021-11-27 20:45:33 DEBUG http-outgoing-0 >> POST /o/oauth2/token HTTP/1.1
2021-11-27 20:45:33 DEBUG http-outgoing-0 >> Content-Length: 316
2021-11-27 20:45:33 DEBUG http-outgoing-0 >> Content-Type: application/x-www-form-urlencoded; charset=ISO-8859-1
2021-11-27 20:45:33 DEBUG http-outgoing-0 >> Host: accounts.google.com
2021-11-27 20:45:33 DEBUG http-outgoing-0 >> Connection: Keep-Alive
2021-11-27 20:45:33 DEBUG http-outgoing-0 >> User-Agent: Apache-HttpClient/4.5.5 (Java/1.8.0_251)
2021-11-27 20:45:33 DEBUG http-outgoing-0 >> Accept-Encoding: gzip,deflate
2021-11-27 20:45:33 DEBUG http-outgoing-0 >> "POST /o/oauth2/token HTTP/1.1[\r][\n]"
2021-11-27 20:45:33 DEBUG http-outgoing-0 >> "Content-Length: 316[\r][\n]"
2021-11-27 20:45:33 DEBUG http-outgoing-0 >> "Content-Type: application/x-www-form-urlencoded; charset=ISO-8859-1[\r][\n]"
2021-11-27 20:45:33 DEBUG http-outgoing-0 >> "Host: accounts.google.com[\r][\n]"
2021-11-27 20:45:33 DEBUG http-outgoing-0 >> "Connection: Keep-Alive[\r][\n]"
2021-11-27 20:45:33 DEBUG http-outgoing-0 >> "User-Agent: Apache-HttpClient/4.5.5 (Java/1.8.0_251)[\r][\n]"
2021-11-27 20:45:33 DEBUG http-outgoing-0 >> "Accept-Encoding: gzip,deflate[\r][\n]"
2021-11-27 20:45:33 DEBUG http-outgoing-0 >> "[\r][\n]"
2021-11-27 20:45:33 DEBUG http-outgoing-0 >> "client_id=412192120002-fhsalu92rol4m4kh33ef74ucrldi35re.apps.googleusercontent.com&client_secret=9dxESkJFQmKqUe5NQkdWYzxn&redirect_uri=http%3A%2F%2Flocalhost%3A8084%2FCarStore_SE150568%2FLoginGoogleServlet&code=4%2F0AX4XfWiBDtUKP61E8QxHqMO6fMfuBe-eH70IIXA6_CbxDU-7NdUUoBcZ4wq7Qwum3gy2qg&grant_type=authorization_code"
2021-11-27 20:45:33 DEBUG http-outgoing-0 << "HTTP/1.1 400 Bad Request[\r][\n]"
2021-11-27 20:45:33 DEBUG http-outgoing-0 << "Expires: Mon, 01 Jan 1990 00:00:00 GMT[\r][\n]"
2021-11-27 20:45:33 DEBUG http-outgoing-0 << "Date: Sat, 27 Nov 2021 13:45:33 GMT[\r][\n]"
2021-11-27 20:45:33 DEBUG http-outgoing-0 << "Pragma: no-cache[\r][\n]"
2021-11-27 20:45:33 DEBUG http-outgoing-0 << "Cache-Control: no-cache, no-store, max-age=0, must-revalidate[\r][\n]"
2021-11-27 20:45:33 DEBUG http-outgoing-0 << "Content-Type: application/json; charset=utf-8[\r][\n]"
2021-11-27 20:45:33 DEBUG http-outgoing-0 << "Vary: Origin[\r][\n]"
2021-11-27 20:45:33 DEBUG http-outgoing-0 << "Vary: X-Origin[\r][\n]"
2021-11-27 20:45:33 DEBUG http-outgoing-0 << "Vary: Referer[\r][\n]"
2021-11-27 20:45:33 DEBUG http-outgoing-0 << "Content-Encoding: gzip[\r][\n]"
2021-11-27 20:45:33 DEBUG http-outgoing-0 << "Server: scaffolding on HTTPServer2[\r][\n]"
2021-11-27 20:45:33 DEBUG http-outgoing-0 << "X-XSS-Protection: 0[\r][\n]"
2021-11-27 20:45:33 DEBUG http-outgoing-0 << "X-Frame-Options: SAMEORIGIN[\r][\n]"
2021-11-27 20:45:33 DEBUG http-outgoing-0 << "X-Content-Type-Options: nosniff[\r][\n]"
2021-11-27 20:45:33 DEBUG http-outgoing-0 << "Alt-Svc: h3=":443"; ma=2592000,h3-29=":443"; ma=2592000,h3-Q050=":443"; ma=2592000,h3-Q046=":443"; ma=2592000,h3-Q043=":443"; ma=2592000,quic=":443"; ma=2592000; v="46,43"[\r][\n]"
2021-11-27 20:45:33 DEBUG http-outgoing-0 << "Transfer-Encoding: chunked[\r][\n]"
2021-11-27 20:45:33 DEBUG http-outgoing-0 << "[\r][\n]"
2021-11-27 20:45:33 DEBUG http-outgoing-0 << "00000001[\r][\n]"
2021-11-27 20:45:33 DEBUG http-outgoing-0 << "[0x1f][\r][\n]"
2021-11-27 20:45:33 DEBUG http-outgoing-0 << "00000001[\r][\n]"
2021-11-27 20:45:33 DEBUG http-outgoing-0 << "[0x8b][\r][\n]"
2021-11-27 20:45:33 DEBUG http-outgoing-0 << "00000001[\r][\n]"
2021-11-27 20:45:33 DEBUG http-outgoing-0 << "[0x8][\r][\n]"
2021-11-27 20:45:33 DEBUG http-outgoing-0 << "00000001[\r][\n]"
2021-11-27 20:45:33 DEBUG http-outgoing-0 << "[0x0][\r][\n]"
2021-11-27 20:45:33 DEBUG http-outgoing-0 << "00000001[\r][\n]"
2021-11-27 20:45:33 DEBUG http-outgoing-0 << "[0x0][\r][\n]"
2021-11-27 20:45:33 DEBUG http-outgoing-0 << "00000001[\r][\n]"
2021-11-27 20:45:33 DEBUG http-outgoing-0 << "[0x0][\r][\n]"
2021-11-27 20:45:33 DEBUG http-outgoing-0 << "00000001[\r][\n]"
2021-11-27 20:45:33 DEBUG http-outgoing-0 << "[0x0][\r][\n]"
2021-11-27 20:45:33 DEBUG http-outgoing-0 << "00000001[\r][\n]"
2021-11-27 20:45:33 DEBUG http-outgoing-0 << "[0x0][\r][\n]"
2021-11-27 20:45:33 DEBUG http-outgoing-0 << "00000001[\r][\n]"
2021-11-27 20:45:33 DEBUG http-outgoing-0 << "[0x2][\r][\n]"
2021-11-27 20:45:33 DEBUG http-outgoing-0 << "00000001[\r][\n]"
2021-11-27 20:45:33 DEBUG http-outgoing-0 << "[0xff][\r][\n]"
2021-11-27 20:45:33 DEBUG http-outgoing-0 << "00000001[\r][\n]"
2021-11-27 20:45:33 DEBUG http-outgoing-0 << "[0xab][\r][\n]"
2021-11-27 20:45:33 DEBUG http-outgoing-0 << "00000001[\r][\n]"
2021-11-27 20:45:33 DEBUG http-outgoing-0 << "[0xe6][\r][\n]"
2021-11-27 20:45:33 DEBUG http-outgoing-0 << "00000001[\r][\n]"
2021-11-27 20:45:33 DEBUG http-outgoing-0 << "R[\r][\n]"
2021-11-27 20:45:33 DEBUG http-outgoing-0 << "00000001[\r][\n]"
2021-11-27 20:45:33 DEBUG http-outgoing-0 << "P[\r][\n]"
2021-11-27 20:45:33 DEBUG http-outgoing-0 << "00000001[\r][\n]"
2021-11-27 20:45:33 DEBUG http-outgoing-0 << "P[\r][\n]"
2021-11-27 20:45:33 DEBUG http-outgoing-0 << "00000001[\r][\n]"
2021-11-27 20:45:33 DEBUG http-outgoing-0 << "J[\r][\n]"
2021-11-27 20:45:33 DEBUG http-outgoing-0 << "00000001[\r][\n]"
2021-11-27 20:45:33 DEBUG http-outgoing-0 << "-[\r][\n]"
2021-11-27 20:45:33 DEBUG http-outgoing-0 << "00000001[\r][\n]"
2021-11-27 20:45:33 DEBUG http-outgoing-0 << "*[\r][\n]"
2021-11-27 20:45:33 DEBUG http-outgoing-0 << "00000001[\r][\n]"
2021-11-27 20:45:33 DEBUG http-outgoing-0 << "[0xca][\r][\n]"
2021-11-27 20:45:33 DEBUG http-outgoing-0 << "00000001[\r][\n]"
2021-11-27 20:45:33 DEBUG http-outgoing-0 << "/[\r][\n]"
2021-11-27 20:45:33 DEBUG http-outgoing-0 << "00000001[\r][\n]"
2021-11-27 20:45:33 DEBUG http-outgoing-0 << "R[\r][\n]"
2021-11-27 20:45:33 DEBUG http-outgoing-0 << "003a[\r][\n]"
2021-11-27 20:45:33 DEBUG http-outgoing-0 << "[0xb2]RP[0xca][0xcc]+K[0xcc][0xc9]L[0x89]O/J[0xcc]+Q[0xd2][0x81][0xcb][0xc5][0xa7][0xa4][0x16]'[0x17]e[0x16][0x94]d[0xe6][0xe7][0x81][0xd4]9%[0xa6]([0x4][0xa5][0x16][0x96][0xa6][0x16][0x97](q[0xd5][0x2][0x0][0xcd][0x1e][0xc4][0x2]D[0x0][0x0][0x0][\r][\n]"
2021-11-27 20:45:33 DEBUG http-outgoing-0 << HTTP/1.1 400 Bad Request
2021-11-27 20:45:33 DEBUG http-outgoing-0 << Expires: Mon, 01 Jan 1990 00:00:00 GMT
2021-11-27 20:45:33 DEBUG http-outgoing-0 << Date: Sat, 27 Nov 2021 13:45:33 GMT
2021-11-27 20:45:33 DEBUG http-outgoing-0 << Pragma: no-cache
2021-11-27 20:45:33 DEBUG http-outgoing-0 << Cache-Control: no-cache, no-store, max-age=0, must-revalidate
2021-11-27 20:45:33 DEBUG http-outgoing-0 << Content-Type: application/json; charset=utf-8
2021-11-27 20:45:33 DEBUG http-outgoing-0 << Vary: Origin
2021-11-27 20:45:33 DEBUG http-outgoing-0 << Vary: X-Origin
2021-11-27 20:45:33 DEBUG http-outgoing-0 << Vary: Referer
2021-11-27 20:45:33 DEBUG http-outgoing-0 << Content-Encoding: gzip
2021-11-27 20:45:33 DEBUG http-outgoing-0 << Server: scaffolding on HTTPServer2
2021-11-27 20:45:33 DEBUG http-outgoing-0 << X-XSS-Protection: 0
2021-11-27 20:45:33 DEBUG http-outgoing-0 << X-Frame-Options: SAMEORIGIN
2021-11-27 20:45:33 DEBUG http-outgoing-0 << X-Content-Type-Options: nosniff
2021-11-27 20:45:33 DEBUG http-outgoing-0 << Alt-Svc: h3=":443"; ma=2592000,h3-29=":443"; ma=2592000,h3-Q050=":443"; ma=2592000,h3-Q046=":443"; ma=2592000,h3-Q043=":443"; ma=2592000,quic=":443"; ma=2592000; v="46,43"
2021-11-27 20:45:33 DEBUG http-outgoing-0 << Transfer-Encoding: chunked
2021-11-27 20:45:33 DEBUG Connection can be kept alive indefinitely
2021-11-27 20:45:33 DEBUG http-outgoing-0 << "0[\r][\n]"
2021-11-27 20:45:33 DEBUG http-outgoing-0 << "[\r][\n]"
2021-11-27 20:45:33 DEBUG Connection [id: 0][route: {s}->https://accounts.google.com:443] can be kept alive indefinitely
2021-11-27 20:45:33 DEBUG http-outgoing-0: set socket timeout to 0
2021-11-27 20:45:33 DEBUG Connection released: [id: 0][route: {s}->https://accounts.google.com:443][total kept alive: 2; route allocated: 1 of 100; total allocated: 2 of 200]
2021-11-27 20:45:33 DEBUG CookieSpec selected: default
2021-11-27 20:45:33 DEBUG Auth cache not set in the context
2021-11-27 20:45:33 DEBUG Connection request: [route: {s}->https://www.googleapis.com:443][total kept alive: 2; route allocated: 1 of 100; total allocated: 2 of 200]
2021-11-27 20:45:33 DEBUG Connection leased: [id: 1][route: {s}->https://www.googleapis.com:443][total kept alive: 1; route allocated: 1 of 100; total allocated: 2 of 200]
2021-11-27 20:45:33 DEBUG http-outgoing-1: set socket timeout to 0
2021-11-27 20:45:33 DEBUG Executing request GET /oauth2/v1/userinfo?access_token=null HTTP/1.1
2021-11-27 20:45:33 DEBUG Target auth state: UNCHALLENGED
2021-11-27 20:45:33 DEBUG Proxy auth state: UNCHALLENGED
2021-11-27 20:45:33 DEBUG http-outgoing-1 >> GET /oauth2/v1/userinfo?access_token=null HTTP/1.1
2021-11-27 20:45:33 DEBUG http-outgoing-1 >> Host: www.googleapis.com
2021-11-27 20:45:33 DEBUG http-outgoing-1 >> Connection: Keep-Alive
2021-11-27 20:45:33 DEBUG http-outgoing-1 >> User-Agent: Apache-HttpClient/4.5.5 (Java/1.8.0_251)
2021-11-27 20:45:33 DEBUG http-outgoing-1 >> Accept-Encoding: gzip,deflate
2021-11-27 20:45:33 DEBUG http-outgoing-1 >> "GET /oauth2/v1/userinfo?access_token=null HTTP/1.1[\r][\n]"
2021-11-27 20:45:33 DEBUG http-outgoing-1 >> "Host: www.googleapis.com[\r][\n]"
2021-11-27 20:45:33 DEBUG http-outgoing-1 >> "Connection: Keep-Alive[\r][\n]"
2021-11-27 20:45:33 DEBUG http-outgoing-1 >> "User-Agent: Apache-HttpClient/4.5.5 (Java/1.8.0_251)[\r][\n]"
2021-11-27 20:45:33 DEBUG http-outgoing-1 >> "Accept-Encoding: gzip,deflate[\r][\n]"
2021-11-27 20:45:33 DEBUG http-outgoing-1 >> "[\r][\n]"
2021-11-27 20:45:33 DEBUG http-outgoing-1 << "HTTP/1.1 401 Unauthorized[\r][\n]"
2021-11-27 20:45:33 DEBUG http-outgoing-1 << "Cache-Control: no-cache, no-store, max-age=0, must-revalidate[\r][\n]"
2021-11-27 20:45:33 DEBUG http-outgoing-1 << "Pragma: no-cache[\r][\n]"
2021-11-27 20:45:33 DEBUG http-outgoing-1 << "Date: Sat, 27 Nov 2021 13:45:33 GMT[\r][\n]"
2021-11-27 20:45:33 DEBUG http-outgoing-1 << "Expires: Mon, 01 Jan 1990 00:00:00 GMT[\r][\n]"
2021-11-27 20:45:33 DEBUG http-outgoing-1 << "Vary: Origin[\r][\n]"
2021-11-27 20:45:33 DEBUG http-outgoing-1 << "Vary: X-Origin[\r][\n]"
2021-11-27 20:45:33 DEBUG http-outgoing-1 << "Vary: Referer[\r][\n]"
2021-11-27 20:45:33 DEBUG http-outgoing-1 << "Content-Type: application/json; charset=UTF-8[\r][\n]"
2021-11-27 20:45:33 DEBUG http-outgoing-1 << "Content-Encoding: gzip[\r][\n]"
2021-11-27 20:45:33 DEBUG http-outgoing-1 << "Server: ESF[\r][\n]"
2021-11-27 20:45:33 DEBUG http-outgoing-1 << "X-XSS-Protection: 0[\r][\n]"
2021-11-27 20:45:33 DEBUG http-outgoing-1 << "X-Frame-Options: SAMEORIGIN[\r][\n]"
2021-11-27 20:45:33 DEBUG http-outgoing-1 << "X-Content-Type-Options: nosniff[\r][\n]"
2021-11-27 20:45:33 DEBUG http-outgoing-1 << "Alt-Svc: h3=":443"; ma=2592000,h3-29=":443"; ma=2592000,h3-Q050=":443"; ma=2592000,h3-Q046=":443"; ma=2592000,h3-Q043=":443"; ma=2592000,quic=":443"; ma=2592000; v="46,43"[\r][\n]"
2021-11-27 20:45:33 DEBUG http-outgoing-1 << "Transfer-Encoding: chunked[\r][\n]"
2021-11-27 20:45:33 DEBUG http-outgoing-1 << "[\r][\n]"
2021-11-27 20:45:33 DEBUG http-outgoing-1 << "00000001[\r][\n]"
2021-11-27 20:45:33 DEBUG http-outgoing-1 << "[0x1f][\r][\n]"
2021-11-27 20:45:33 DEBUG http-outgoing-1 << "00000001[\r][\n]"
2021-11-27 20:45:33 DEBUG http-outgoing-1 << "[0x8b][\r][\n]"
2021-11-27 20:45:33 DEBUG http-outgoing-1 << "00000001[\r][\n]"
2021-11-27 20:45:33 DEBUG http-outgoing-1 << "[0x8][\r][\n]"
2021-11-27 20:45:33 DEBUG http-outgoing-1 << "00000001[\r][\n]"
2021-11-27 20:45:33 DEBUG http-outgoing-1 << "[0x0][\r][\n]"
2021-11-27 20:45:33 DEBUG http-outgoing-1 << "00000001[\r][\n]"
2021-11-27 20:45:33 DEBUG http-outgoing-1 << "[0x0][\r][\n]"
2021-11-27 20:45:33 DEBUG http-outgoing-1 << "00000001[\r][\n]"
2021-11-27 20:45:33 DEBUG http-outgoing-1 << "[0x0][\r][\n]"
2021-11-27 20:45:33 DEBUG http-outgoing-1 << "00000001[\r][\n]"
2021-11-27 20:45:33 DEBUG http-outgoing-1 << "[0x0][\r][\n]"
2021-11-27 20:45:33 DEBUG http-outgoing-1 << "00000001[\r][\n]"
2021-11-27 20:45:33 DEBUG http-outgoing-1 << "[0x0][\r][\n]"
2021-11-27 20:45:33 DEBUG http-outgoing-1 << "00000001[\r][\n]"
2021-11-27 20:45:33 DEBUG http-outgoing-1 << "[0x2][\r][\n]"
2021-11-27 20:45:33 DEBUG http-outgoing-1 << "00000001[\r][\n]"
2021-11-27 20:45:33 DEBUG http-outgoing-1 << "[0xff][\r][\n]"
2021-11-27 20:45:33 DEBUG http-outgoing-1 << "00000001[\r][\n]"
2021-11-27 20:45:33 DEBUG http-outgoing-1 << "}[\r][\n]"
2021-11-27 20:45:33 DEBUG http-outgoing-1 << "00000001[\r][\n]"
2021-11-27 20:45:33 DEBUG http-outgoing-1 << "[0x8f][\r][\n]"
2021-11-27 20:45:33 DEBUG http-outgoing-1 << "00000001[\r][\n]"
2021-11-27 20:45:33 DEBUG http-outgoing-1 << "A[\r][\n]"
2021-11-27 20:45:33 DEBUG http-outgoing-1 << "00000001[\r][\n]"
2021-11-27 20:45:33 DEBUG http-outgoing-1 << "N[\r][\n]"
2021-11-27 20:45:33 DEBUG http-outgoing-1 << "00000001[\r][\n]"
2021-11-27 20:45:33 DEBUG http-outgoing-1 << "[0xc3][\r][\n]"
2021-11-27 20:45:33 DEBUG http-outgoing-1 << "00000001[\r][\n]"
2021-11-27 20:45:33 DEBUG http-outgoing-1 << "@[\r][\n]"
2021-11-27 20:45:33 DEBUG http-outgoing-1 << "1[\r][\n]"
2021-11-27 20:45:33 DEBUG http-outgoing-1 << "[0xc][\r][\n]"
2021-11-27 20:45:33 DEBUG http-outgoing-1 << "d3[\r][\n]"
2021-11-27 20:45:33 DEBUG http-outgoing-1 << "E[0xf7]9[0x85][0x95]u[0x9b][0xa1][0x88]Uw[0x11]D[0x82]M[0x91] =[0xc0]0[0xb1][0xa6][0xa6][0x93]q:v[\n]"
2021-11-27 20:45:33 DEBUG http-outgoing-1 << "[0xa8][0xea][0xdd]q[0x80]5[0xcb][0xf7][0xfc][0xfd]e_*[0x80][0x1a]K[0xe1]Ro[0xe1]b`[0x18]x@[0xa3][0xbb][0x9b][0xcd][0xea]W[0x8c]([0xe2][0xe3][0xe2][0xea][0x17]<[0xcd]([\n]"
2021-11-27 20:45:33 DEBUG http-outgoing-1 << "$0[0x92][0x8][0xe5][0x8][0xc5][0x14][0x15][0x1c][0xc0][0xcf]z[0xc0][0xac][0x14][0xbc][0x12]g[0x8][0xe6][0x16][0xf4][0xa9][0x81][0xee]s[0xc2][0xa0][0x96]yn-[0x4][0xb7][0xe0]C[0xb0]RP>b^A[0xe2]H[0xb6][0xc0]|$[0x4].[0xc0]VT[0xe0][0xec][0x13][0xfd][0xdb][0xfa][0x8a][0x8][0x7][0xd5]I[0xb6][0xce][\r]x[0xc6][0xc4][0x13][0x16]i"sL[0xd8][0x4][0x1e][0x1d][0xfd]d[0xf5][0xcb][0x9][0xc5][0xbc][0xa6][0xec]>[0xf0]m[0x89][0x6][0xce][0xc2][0x9][0xd7]S[0xe1]w;[0xac][0xa9][0xff]>[0x15][0xf5]:[0xcb][0xf2][0xe8]~[0xd7][0xee][0xfb][0xc7]n[0xd7]?[0xdd][0xb7]}[0xf7]P[0xdb][0xfc]Z][0xab]o[0xcc]c[0x90][0x1f]0[0x1][0x0][0x0][\r][\n]"
2021-11-27 20:45:33 DEBUG http-outgoing-1 << HTTP/1.1 401 Unauthorized
2021-11-27 20:45:33 DEBUG http-outgoing-1 << Cache-Control: no-cache, no-store, max-age=0, must-revalidate
2021-11-27 20:45:33 DEBUG http-outgoing-1 << Pragma: no-cache
2021-11-27 20:45:33 DEBUG http-outgoing-1 << Date: Sat, 27 Nov 2021 13:45:33 GMT
2021-11-27 20:45:33 DEBUG http-outgoing-1 << Expires: Mon, 01 Jan 1990 00:00:00 GMT
2021-11-27 20:45:33 DEBUG http-outgoing-1 << Vary: Origin
2021-11-27 20:45:33 DEBUG http-outgoing-1 << Vary: X-Origin
2021-11-27 20:45:33 DEBUG http-outgoing-1 << Vary: Referer
2021-11-27 20:45:33 DEBUG http-outgoing-1 << Content-Type: application/json; charset=UTF-8
2021-11-27 20:45:33 DEBUG http-outgoing-1 << Content-Encoding: gzip
2021-11-27 20:45:33 DEBUG http-outgoing-1 << Server: ESF
2021-11-27 20:45:33 DEBUG http-outgoing-1 << X-XSS-Protection: 0
2021-11-27 20:45:33 DEBUG http-outgoing-1 << X-Frame-Options: SAMEORIGIN
2021-11-27 20:45:33 DEBUG http-outgoing-1 << X-Content-Type-Options: nosniff
2021-11-27 20:45:33 DEBUG http-outgoing-1 << Alt-Svc: h3=":443"; ma=2592000,h3-29=":443"; ma=2592000,h3-Q050=":443"; ma=2592000,h3-Q046=":443"; ma=2592000,h3-Q043=":443"; ma=2592000,quic=":443"; ma=2592000; v="46,43"
2021-11-27 20:45:33 DEBUG http-outgoing-1 << Transfer-Encoding: chunked
2021-11-27 20:45:33 DEBUG Connection can be kept alive indefinitely
2021-11-27 20:45:33 DEBUG Authentication required
2021-11-27 20:45:33 DEBUG www.googleapis.com:443 requested authentication
2021-11-27 20:45:33 DEBUG Response contains no authentication challenges
2021-11-27 20:45:33 DEBUG http-outgoing-1 << "0[\r][\n]"
2021-11-27 20:45:33 DEBUG http-outgoing-1 << "[\r][\n]"
2021-11-27 20:45:33 DEBUG Connection [id: 1][route: {s}->https://www.googleapis.com:443] can be kept alive indefinitely
2021-11-27 20:45:33 DEBUG http-outgoing-1: set socket timeout to 0
2021-11-27 20:45:33 DEBUG Connection released: [id: 1][route: {s}->https://www.googleapis.com:443][total kept alive: 2; route allocated: 1 of 100; total allocated: 2 of 200]
